\BOOKMARK [1][-]{section.1}{介绍}{}% 1
\BOOKMARK [2][-]{subsection.1.1}{增强学习}{section.1}% 2
\BOOKMARK [2][-]{subsection.1.2}{例子}{section.1}% 3
\BOOKMARK [2][-]{subsection.1.3}{增强学习的元素}{section.1}% 4
\BOOKMARK [2][-]{subsection.1.4}{局限性和展望}{section.1}% 5
\BOOKMARK [2][-]{subsection.1.5}{详细的案例：Tic-Tac-Toe}{section.1}% 6
\BOOKMARK [2][-]{subsection.1.6}{总结}{section.1}% 7
\BOOKMARK [1][-]{section.2}{多臂老虎机游戏}{}% 8
\BOOKMARK [2][-]{subsection.2.1}{多臂赌博机问题}{section.2}% 9
\BOOKMARK [2][-]{subsection.2.2}{动作-值（Action-Value）方法}{section.2}% 10
\BOOKMARK [2][-]{subsection.2.3}{10臂赌博机测试}{section.2}% 11
\BOOKMARK [2][-]{subsection.2.4}{进阶讨论}{section.2}% 12
\BOOKMARK [2][-]{subsection.2.5}{处理非稳定性问题}{section.2}% 13
\BOOKMARK [2][-]{subsection.2.6}{最优初始值}{section.2}% 14
\BOOKMARK [2][-]{subsection.2.7}{基于置信上界的行动选择方法}{section.2}% 15
\BOOKMARK [2][-]{subsection.2.8}{梯度赌博方法}{section.2}% 16
\BOOKMARK [2][-]{subsection.2.9}{耦合搜索（时序依赖的赌博机）}{section.2}% 17
\BOOKMARK [2][-]{subsection.2.10}{总结}{section.2}% 18
\BOOKMARK [1][-]{section.3}{有限马尔科夫决策过程}{}% 19
\BOOKMARK [2][-]{subsection.3.1}{学习机-环境交互接口}{section.3}% 20
\BOOKMARK [2][-]{subsection.3.2}{目标和奖励}{section.3}% 21
\BOOKMARK [2][-]{subsection.3.3}{回报和回合}{section.3}% 22
\BOOKMARK [2][-]{subsection.3.4}{回合制和持续制任务的统一符号}{section.3}% 23
\BOOKMARK [2][-]{subsection.3.5}{策略和值方程}{section.3}% 24
\BOOKMARK [2][-]{subsection.3.6}{最优策略和最优值方程}{section.3}% 25
\BOOKMARK [2][-]{subsection.3.7}{最优化和近似}{section.3}% 26
\BOOKMARK [2][-]{subsection.3.8}{总结}{section.3}% 27
\BOOKMARK [1][-]{section.4}{动态规划}{}% 28
\BOOKMARK [2][-]{subsection.4.1}{策略估计（预测）}{section.4}% 29
\BOOKMARK [2][-]{subsection.4.2}{策略改进}{section.4}% 30
\BOOKMARK [2][-]{subsection.4.3}{策略迭代}{section.4}% 31
\BOOKMARK [2][-]{subsection.4.4}{值循环方法}{section.4}% 32
\BOOKMARK [2][-]{subsection.4.5}{异步动态规划}{section.4}% 33
\BOOKMARK [2][-]{subsection.4.6}{广义策略迭代}{section.4}% 34
\BOOKMARK [2][-]{subsection.4.7}{动态规划的效率}{section.4}% 35
\BOOKMARK [1][-]{section.5}{蒙特卡洛方法}{}% 36
\BOOKMARK [2][-]{subsection.5.1}{蒙特卡洛预测}{section.5}% 37
