\BOOKMARK [1][-]{section.1}{复杂网络}{}% 1
\BOOKMARK [2][-]{subsection.1.1}{摘要}{section.1}% 2
\BOOKMARK [2][-]{subsection.1.2}{图论简介}{section.1}% 3
\BOOKMARK [3][-]{subsubsection.1.2.1}{图的定义}{subsection.1.2}% 4
\BOOKMARK [3][-]{subsubsection.1.2.2}{图的连通性}{subsection.1.2}% 5
\BOOKMARK [3][-]{subsubsection.1.2.3}{路径和环路}{subsection.1.2}% 6
\BOOKMARK [3][-]{subsubsection.1.2.4}{子图}{subsection.1.2}% 7
\BOOKMARK [2][-]{subsection.1.3}{树和森林}{section.1}% 8
\BOOKMARK [3][-]{subsubsection.1.3.1}{图的矩阵表示}{subsection.1.3}% 9
\BOOKMARK [2][-]{subsection.1.4}{网络演化模型}{section.1}% 10
\BOOKMARK [3][-]{subsubsection.1.4.1}{随机网络}{subsection.1.4}% 11
\BOOKMARK [3][-]{subsubsection.1.4.2}{小世界网络}{subsection.1.4}% 12
\BOOKMARK [3][-]{subsubsection.1.4.3}{无标度网络}{subsection.1.4}% 13
\BOOKMARK [3][-]{subsubsection.1.4.4}{随机聚类网络}{subsection.1.4}% 14
\BOOKMARK [3][-]{subsubsection.1.4.5}{核心-边缘网络}{subsection.1.4}% 15
\BOOKMARK [2][-]{subsection.1.5}{复杂网络的统计描述}{section.1}% 16
\BOOKMARK [3][-]{subsubsection.1.5.1}{度和度相关性}{subsection.1.5}% 17
\BOOKMARK [3][-]{subsubsection.1.5.2}{距离和路径}{subsection.1.5}% 18
\BOOKMARK [3][-]{subsubsection.1.5.3}{网络结构}{subsection.1.5}% 19
\BOOKMARK [3][-]{subsubsection.1.5.4}{网络中心性}{subsection.1.5}% 20
\BOOKMARK [3][-]{subsubsection.1.5.5}{复杂网络度量方法的分类}{subsection.1.5}% 21
\BOOKMARK [2][-]{subsection.1.6}{复杂网络上的动力学过程}{section.1}% 22
\BOOKMARK [3][-]{subsubsection.1.6.1}{随机游走}{subsection.1.6}% 23
